TN:
SF:/Users/aidangarske/wolfNanoTLS-101-server/examples/x509_probe.c
FNL:0,154,164
FNA:0,6,main
FNL:1,29,37
FNA:1,20,keyalg_name
FNL:2,39,46
FNA:2,20,curve_name
FNL:3,48,59
FNA:3,14,sigalg_name
FNL:4,61,73
FNA:4,14,load_der
FNL:5,78,151
FNA:5,6,probe_chain
FNF:6
FNH:6
DA:29,20
DA:31,20
DA:32,14
DA:33,6
DA:34,0
DA:35,0
DA:37,20
DA:39,20
DA:41,20
DA:42,6
DA:43,8
DA:44,6
DA:46,20
DA:48,14
DA:50,14
DA:51,2
DA:52,4
DA:53,8
DA:54,0
DA:55,0
DA:56,0
DA:57,0
DA:59,14
DA:61,14
DA:63,14
DA:64,14
DA:66,14
DA:67,14
DA:68,14
DA:69,0
DA:70,0
DA:71,14
DA:72,14
DA:73,14
DA:78,6
DA:85,6
DA:87,6
DA:88,6
DA:89,0
DA:90,0
DA:91,0
DA:93,20
DA:94,14
DA:95,14
DA:96,0
DA:97,0
DA:98,0
DA:100,14
DA:101,14
DA:102,0
DA:103,0
DA:104,0
DA:106,28
DA:107,14
DA:109,14
DA:110,14
DA:111,14
DA:112,14
DA:114,14
DA:115,14
DA:119,6
DA:120,6
DA:121,6
DA:123,6
DA:124,6
DA:125,6
DA:127,0
DA:128,0
DA:131,6
DA:132,6
DA:133,6
DA:135,6
DA:138,14
DA:139,8
DA:140,0
DA:142,8
DA:143,16
DA:144,8
DA:145,8
DA:146,0
DA:147,0
DA:148,8
DA:150,6
DA:151,6
DA:154,6
DA:156,6
DA:157,0
DA:158,0
DA:159,0
DA:160,0
DA:161,0
DA:163,6
DA:164,6
LF:93
LH:66
end_of_record
TN:
SF:/Users/aidangarske/wolfNanoTLS-101-server/src/wn_accept.c
FNL:0,268,279
FNA:0,0,wn_Accept_Psk
FNL:1,62,266
FNA:1,0,wn_Accept_Psk_ex
FNF:2
FNH:0
DA:62,0
DA:79,0
DA:81,0
DA:82,0
DA:84,0
DA:85,0
DA:86,0
DA:87,0
DA:90,0
DA:91,0
DA:92,0
DA:93,0
DA:95,0
DA:99,0
DA:100,0
DA:101,0
DA:102,0
DA:103,0
DA:104,0
DA:105,0
DA:106,0
DA:107,0
DA:108,0
DA:109,0
DA:110,0
DA:111,0
DA:114,0
DA:115,0
DA:116,0
DA:118,0
DA:119,0
DA:120,0
DA:122,0
DA:123,0
DA:124,0
DA:125,0
DA:126,0
DA:127,0
DA:128,0
DA:129,0
DA:132,0
DA:133,0
DA:134,0
DA:135,0
DA:136,0
DA:137,0
DA:138,0
DA:139,0
DA:140,0
DA:141,0
DA:142,0
DA:143,0
DA:144,0
DA:145,0
DA:146,0
DA:147,0
DA:148,0
DA:149,0
DA:150,0
DA:153,0
DA:154,0
DA:155,0
DA:157,0
DA:158,0
DA:159,0
DA:160,0
DA:161,0
DA:162,0
DA:163,0
DA:164,0
DA:165,0
DA:166,0
DA:169,0
DA:170,0
DA:171,0
DA:172,0
DA:173,0
DA:176,0
DA:177,0
DA:178,0
DA:179,0
DA:180,0
DA:181,0
DA:182,0
DA:183,0
DA:184,0
DA:185,0
DA:186,0
DA:187,0
DA:188,0
DA:189,0
DA:190,0
DA:191,0
DA:192,0
DA:193,0
DA:194,0
DA:195,0
DA:196,0
DA:197,0
DA:198,0
DA:199,0
DA:200,0
DA:202,0
DA:203,0
DA:206,0
DA:207,0
DA:208,0
DA:209,0
DA:210,0
DA:211,0
DA:212,0
DA:214,0
DA:215,0
DA:216,0
DA:219,0
DA:220,0
DA:221,0
DA:222,0
DA:224,0
DA:226,0
DA:228,0
DA:229,0
DA:231,0
DA:232,0
DA:233,0
DA:234,0
DA:235,0
DA:236,0
DA:237,0
DA:238,0
DA:240,0
DA:241,0
DA:242,0
DA:244,0
DA:245,0
DA:246,0
DA:249,0
DA:250,0
DA:251,0
DA:252,0
DA:253,0
DA:254,0
DA:255,0
DA:256,0
DA:257,0
DA:258,0
DA:259,0
DA:260,0
DA:261,0
DA:262,0
DA:263,0
DA:264,0
DA:265,0
DA:266,0
DA:268,0
DA:275,0
DA:276,0
DA:277,0
DA:278,0
DA:279,0
LF:160
LH:0
end_of_record
TN:
SF:/Users/aidangarske/wolfNanoTLS-101-server/src/wn_alert.h
FNL:0,40,53
FNA:0,18,wn_ErrToAlert
FNF:1
FNH:1
DA:40,18
DA:44,18
DA:45,2
DA:46,2
DA:47,2
DA:48,2
DA:49,2
DA:50,8
DA:53,18
LF:9
LH:9
end_of_record
TN:
SF:/Users/aidangarske/wolfNanoTLS-101-server/src/wn_clienthello.c
FNL:0,38,44
FNA:0,6,wn_ClientHello_Build
FNL:1,47,161
FNA:1,14,wn_ClientHello_Build_ex
FNF:2
FNH:2
DA:38,6
DA:43,12
DA:44,6
DA:47,14
DA:56,14
DA:57,14
DA:59,14
DA:60,8
DA:61,8
DA:62,26
DA:63,12
DA:64,12
DA:65,6
DA:66,6
DA:68,14
DA:69,8
DA:71,8
DA:72,8
DA:74,8
DA:75,8
DA:77,8
DA:78,8
DA:79,8
DA:80,8
DA:82,8
DA:83,8
DA:85,8
DA:86,8
DA:88,8
DA:91,8
DA:92,4
DA:93,4
DA:94,4
DA:95,4
DA:96,4
DA:97,4
DA:98,4
DA:101,8
DA:102,8
DA:103,8
DA:104,8
DA:107,8
DA:108,8
DA:109,8
DA:110,8
DA:115,8
DA:116,8
DA:117,8
DA:122,8
DA:125,8
DA:128,8
DA:139,8
DA:140,8
DA:143,8
DA:144,8
DA:145,8
DA:146,8
DA:147,8
DA:148,8
DA:150,8
DA:151,8
DA:153,8
DA:154,2
DA:155,2
DA:157,6
DA:159,8
DA:161,14
LF:67
LH:67
end_of_record
TN:
SF:/Users/aidangarske/wolfNanoTLS-101-server/src/wn_connect.c
FNL:0,115,139
FNA:0,88,send_plain_record
FNL:1,142,146
FNA:1,42,send_ccs
FNL:2,151,228
FNA:2,46,build_client_hello
FNL:3,250,270
FNA:3,36,wn_DeriveHsKeys
FNL:4,275,315
FNA:4,10,wn_SessionEstablish
FNL:5,318,578
FNA:5,50,wn_Connect_Psk_ex
FNL:6,581,592
FNA:6,2,wn_Connect_Psk
FNL:7,77,109
FNA:7,26,wn_CheckEncExt
FNF:8
FNH:8
DA:77,26
DA:84,26
DA:86,26
DA:87,26
DA:88,26
DA:89,26
DA:90,2
DA:91,2
DA:92,32
DA:93,6
DA:94,6
DA:95,6
DA:96,6
DA:97,2
DA:98,2
DA:99,4
DA:102,2
DA:103,2
DA:104,2
DA:105,2
DA:106,2
DA:109,26
DA:115,88
DA:119,88
DA:122,88
DA:123,88
DA:124,88
DA:125,88
DA:126,88
DA:128,88
DA:129,88
DA:130,2
DA:131,2
DA:132,88
DA:133,86
DA:134,86
DA:135,2
DA:136,2
DA:137,86
DA:139,88
DA:142,42
DA:146,42
DA:151,46
DA:160,46
DA:161,46
DA:163,46
DA:164,46
DA:165,46
DA:166,46
DA:167,46
DA:168,46
DA:169,46
DA:170,46
DA:172,46
DA:174,46
DA:175,46
DA:176,46
DA:177,46
DA:179,46
DA:180,46
DA:181,46
DA:182,46
DA:184,46
DA:190,46
DA:191,46
DA:193,46
DA:194,46
DA:196,46
DA:197,46
DA:198,46
DA:199,46
DA:200,46
DA:201,46
DA:203,46
DA:204,46
DA:205,46
DA:206,46
DA:208,46
DA:209,46
DA:210,46
DA:211,46
DA:212,46
DA:213,46
DA:214,46
DA:215,46
DA:217,46
DA:218,46
DA:219,46
DA:220,46
DA:221,1518
DA:222,1472
DA:223,1472
DA:224,46
DA:226,46
DA:227,46
DA:228,46
DA:250,36
DA:259,36
DA:261,36
DA:262,36
DA:263,36
DA:264,36
DA:265,36
DA:266,36
DA:267,36
DA:269,36
DA:270,36
DA:275,10
DA:285,10
DA:287,10
DA:288,20
DA:289,10
DA:290,20
DA:291,10
DA:292,10
DA:294,10
DA:296,10
DA:298,10
DA:301,10
DA:302,10
DA:303,10
DA:304,10
DA:305,10
DA:306,10
DA:307,10
DA:308,10
DA:309,10
DA:310,10
DA:311,10
DA:313,10
DA:314,10
DA:315,10
DA:318,50
DA:335,50
DA:336,50
DA:337,50
DA:338,50
DA:340,50
DA:341,50
DA:343,98
DA:344,48
DA:345,48
DA:346,2
DA:347,2
DA:348,50
DA:349,2
DA:350,2
DA:351,50
DA:352,46
DA:353,46
DA:355,50
DA:356,46
DA:357,46
DA:358,46
DA:359,50
DA:360,46
DA:361,46
DA:362,46
DA:363,46
DA:364,50
DA:365,46
DA:366,46
DA:367,50
DA:368,46
DA:369,46
DA:370,50
DA:371,46
DA:372,46
DA:375,50
DA:376,46
DA:377,92
DA:378,46
DA:380,46
DA:381,46
DA:382,46
DA:383,50
DA:384,46
DA:385,46
DA:387,46
DA:388,50
DA:389,46
DA:390,46
DA:391,46
DA:392,50
DA:393,46
DA:394,46
DA:395,50
DA:396,46
DA:397,46
DA:398,46
DA:399,50
DA:400,46
DA:401,46
DA:402,50
DA:403,42
DA:404,42
DA:407,50
DA:408,42
DA:409,42
DA:411,42
DA:412,42
DA:413,50
DA:414,2
DA:415,2
DA:416,50
DA:417,40
DA:418,40
DA:419,50
DA:420,2
DA:421,2
DA:422,50
DA:423,38
DA:424,38
DA:425,50
DA:426,74
DA:427,38
DA:428,36
DA:429,36
DA:430,36
DA:431,36
DA:432,36
DA:433,2
DA:434,2
DA:435,38
DA:436,50
DA:437,36
DA:439,36
DA:442,50
DA:443,36
DA:444,72
DA:445,36
DA:446,36
DA:449,124
DA:450,74
DA:451,74
DA:452,36
DA:454,38
DA:455,2
DA:456,2
DA:457,74
DA:458,36
DA:459,72
DA:460,36
DA:461,2
DA:462,2
DA:463,38
DA:464,68
DA:465,34
DA:466,34
DA:467,34
DA:468,38
DA:469,2
DA:470,2
DA:471,38
DA:474,32
DA:475,130
DA:476,52
DA:479,52
DA:480,52
DA:481,156
DA:482,104
DA:483,52
DA:484,4
DA:485,4
DA:487,48
DA:488,2
DA:490,46
DA:491,46
DA:492,28
DA:493,2
DA:494,2
DA:496,26
DA:497,26
DA:498,40
DA:499,20
DA:500,20
DA:501,26
DA:503,28
DA:504,18
DA:505,16
DA:506,2
DA:507,2
DA:508,16
DA:509,14
DA:510,14
DA:511,16
DA:512,14
DA:513,14
DA:514,16
DA:515,14
DA:516,14
DA:517,2
DA:518,2
DA:519,14
DA:520,16
DA:521,12
DA:522,12
DA:523,12
DA:524,16
DA:526,2
DA:529,32
DA:533,50
DA:534,12
DA:535,12
DA:536,50
DA:537,12
DA:538,12
DA:539,50
DA:540,12
DA:541,12
DA:542,12
DA:543,12
DA:544,12
DA:545,24
DA:546,12
DA:547,12
DA:548,50
DA:549,12
DA:550,2
DA:551,2
DA:552,12
DA:556,50
DA:557,20
DA:558,10
DA:559,10
DA:561,50
DA:562,50
DA:563,50
DA:564,50
DA:565,50
DA:566,50
DA:567,50
DA:568,50
DA:569,50
DA:570,50
DA:571,50
DA:572,50
DA:573,50
DA:574,50
DA:575,50
DA:576,50
DA:578,50
DA:581,2
DA:588,4
DA:589,2
DA:590,2
DA:592,2
LF:347
LH:347
end_of_record
TN:
SF:/Users/aidangarske/wolfNanoTLS-101-server/src/wn_error.c
FNL:0,28,49
FNA:0,184,wn_ErrorToString
FNF:1
FNH:1
DA:28,184
DA:32,184
DA:33,2
DA:34,4
DA:35,6
DA:36,8
DA:37,10
DA:38,12
DA:39,14
DA:40,16
DA:41,18
DA:42,20
DA:43,22
DA:44,24
DA:45,26
DA:46,2
DA:49,184
LF:17
LH:17
end_of_record
TN:
SF:/Users/aidangarske/wolfNanoTLS-101-server/src/wn_flight.h
FNL:0,42,76
FNA:0,56,wn_FlightOrder
FNF:1
FNH:1
DA:42,56
DA:44,56
DA:46,56
DA:47,20
DA:48,2
DA:49,2
DA:50,20
DA:51,20
DA:52,36
DA:53,4
DA:54,4
DA:55,32
DA:56,14
DA:57,4
DA:58,4
DA:59,14
DA:60,14
DA:61,18
DA:62,8
DA:63,4
DA:64,4
DA:65,8
DA:66,8
DA:67,10
DA:68,6
DA:69,4
DA:70,4
DA:71,6
DA:73,4
DA:76,56
LF:30
LH:30
end_of_record
TN:
SF:/Users/aidangarske/wolfNanoTLS-101-server/src/wn_handshake.c
FNL:0,120,138
FNA:0,0,wn_DeriveHsKeys
FNL:1,141,192
FNA:1,0,wn_SessionEstablish
FNL:2,37,61
FNA:2,17,wn_SendPlainRecord
FNL:3,64,68
FNA:3,7,wn_SendCcs
FNL:4,71,117
FNA:4,0,wn_RecvHandshake
FNF:5
FNH:2
DA:37,17
DA:41,17
DA:44,17
DA:45,17
DA:46,17
DA:47,17
DA:48,17
DA:50,17
DA:51,17
DA:52,3
DA:53,3
DA:54,17
DA:55,14
DA:56,14
DA:58,0
DA:59,14
DA:61,17
DA:64,7
DA:68,7
DA:71,0
DA:74,0
DA:75,0
DA:76,0
DA:77,0
DA:78,0
DA:79,0
DA:81,0
DA:82,0
DA:83,0
DA:84,0
DA:86,0
DA:87,0
DA:88,0
DA:89,0
DA:90,0
DA:91,0
DA:92,0
DA:93,0
DA:94,0
DA:95,0
DA:97,0
DA:98,0
DA:99,0
DA:100,0
DA:101,0
DA:102,0
DA:103,0
DA:104,0
DA:105,0
DA:106,0
DA:107,0
DA:110,0
DA:111,0
DA:112,0
DA:113,0
DA:114,0
DA:115,0
DA:117,0
DA:120,0
DA:127,0
DA:129,0
DA:130,0
DA:131,0
DA:132,0
DA:133,0
DA:134,0
DA:135,0
DA:137,0
DA:138,0
DA:141,0
DA:153,0
DA:154,0
DA:155,0
DA:156,0
DA:158,0
DA:159,0
DA:162,0
DA:164,0
DA:165,0
DA:167,0
DA:169,0
DA:171,0
DA:173,0
DA:175,0
DA:178,0
DA:179,0
DA:180,0
DA:181,0
DA:182,0
DA:183,0
DA:184,0
DA:185,0
DA:186,0
DA:187,0
DA:188,0
DA:190,0
DA:191,0
DA:192,0
LF:98
LH:18
end_of_record
TN:
SF:/Users/aidangarske/wolfNanoTLS-101-server/src/wn_hybrid.c
FNL:0,130,215
FNA:0,11,wn_Hybrid_ServerRespond
FNL:1,218,236
FNA:1,11,wn_Hybrid_Free
FNL:2,33,78
FNA:2,6,wn_Hybrid_ClientKeyShare
FNL:3,81,127
FNA:3,8,wn_Hybrid_ClientShared
FNF:4
FNH:4
DA:33,6
DA:36,6
DA:37,6
DA:39,6
DA:40,2
DA:41,2
DA:74,6
DA:75,4
DA:76,4
DA:78,6
DA:81,8
DA:85,8
DA:86,8
DA:87,8
DA:89,8
DA:90,6
DA:91,4
DA:92,4
DA:116,8
DA:117,4
DA:118,4
DA:119,4
DA:120,2
DA:121,2
DA:123,8
DA:124,4
DA:125,4
DA:127,8
DA:130,11
DA:136,11
DA:137,11
DA:138,11
DA:140,20
DA:141,11
DA:142,9
DA:143,4
DA:144,4
DA:145,11
DA:154,7
DA:155,11
DA:156,7
DA:157,7
DA:158,5
DA:159,2
DA:160,2
DA:161,7
DA:197,11
DA:198,5
DA:199,5
DA:200,5
DA:201,6
DA:202,4
DA:203,4
DA:205,11
DA:206,5
DA:207,5
DA:208,11
DA:209,5
DA:210,5
DA:211,11
DA:212,7
DA:213,7
DA:215,11
DA:218,11
DA:220,11
DA:222,11
DA:223,2
DA:224,2
DA:226,9
DA:227,4
DA:228,4
DA:229,4
DA:230,9
DA:231,4
DA:232,4
DA:233,4
DA:236,11
LF:77
LH:77
end_of_record
TN:
SF:/Users/aidangarske/wolfNanoTLS-101-server/src/wn_keyschedule.c
FNL:0,111,124
FNA:0,255,wn_Tls13_DeriveSecret
FNL:1,127,171
FNA:1,103,wn_Tls13_FinishedMac
FNL:2,174,200
FNA:2,18,wn_Tls13_KeyUpdate
FNL:3,34,47
FNA:3,1366,wn_DigestSize
FNL:4,50,79
FNA:4,134,wn_Tls13_Extract
FNL:5,82,108
FNA:5,860,wn_Tls13_ExpandLabel
FNF:6
FNH:6
DA:34,1366
DA:36,1366
DA:38,1366
DA:39,1356
DA:40,1356
DA:42,10
DA:43,8
DA:44,8
DA:47,1366
DA:50,134
DA:53,134
DA:55,134
DA:56,4
DA:57,4
DA:59,134
DA:60,130
DA:65,2
DA:66,2
DA:67,2
DA:69,256
DA:70,128
DA:77,130
DA:79,134
DA:82,860
DA:87,860
DA:90,860
DA:91,1465
DA:92,858
DA:93,2
DA:94,2
DA:96,860
DA:97,1716
DA:99,858
DA:100,858
DA:106,858
DA:108,860
DA:111,255
DA:115,255
DA:117,255
DA:118,2
DA:119,2
DA:120,255
DA:121,506
DA:122,253
DA:123,253
DA:124,255
DA:127,103
DA:133,103
DA:134,103
DA:136,202
DA:137,101
DA:138,99
DA:139,4
DA:140,4
DA:142,103
DA:143,198
DA:144,99
DA:145,99
DA:147,103
DA:153,99
DA:155,103
DA:156,99
DA:164,99
DA:166,103
DA:167,99
DA:168,99
DA:169,103
DA:171,103
DA:174,18
DA:178,18
DA:180,18
DA:181,18
DA:182,14
DA:183,4
DA:184,4
DA:186,18
DA:187,28
DA:188,14
DA:189,14
DA:190,18
DA:191,14
DA:192,14
DA:193,14
DA:194,18
DA:195,14
DA:196,14
DA:198,18
DA:200,18
LF:88
LH:88
end_of_record
TN:
SF:/Users/aidangarske/wolfNanoTLS-101-server/src/wn_keyshare.c
FNL:0,127,217
FNA:0,0,wn_KeyShare_Shared
FNL:1,257,278
FNA:1,0,wn_KeyShare_Free
FNL:2,28,66
FNA:2,0,wn_KeyShare_Init
FNL:3,69,124
FNA:3,0,wn_KeyShare_Generate
FNF:4
FNH:0
DA:28,0
DA:30,0
DA:32,0
DA:33,0
DA:34,0
DA:36,0
DA:37,0
DA:39,0
DA:41,0
DA:42,0
DA:62,0
DA:64,0
DA:66,0
DA:69,0
DA:72,0
DA:74,0
DA:75,0
DA:76,0
DA:78,0
DA:80,0
DA:81,0
DA:82,0
DA:120,0
DA:122,0
DA:124,0
DA:127,0
DA:139,0
DA:141,0
DA:142,0
DA:143,0
DA:144,0
DA:146,0
DA:148,0
DA:149,0
DA:150,0
DA:151,0
DA:213,0
DA:215,0
DA:217,0
DA:257,0
DA:259,0
DA:261,0
DA:262,0
DA:263,0
DA:265,0
DA:266,0
DA:267,0
DA:278,0
LF:48
LH:0
end_of_record
TN:
SF:/Users/aidangarske/wolfNanoTLS-101-server/src/wn_msg.c
FNL:0,115,121
FNA:0,144,wn_Reader_Init
FNL:1,123,135
FNA:1,369,wn_Read_U8
FNL:2,138,150
FNA:2,1214,wn_Read_U16
FNL:3,153,167
FNA:3,118,wn_Read_U24
FNL:4,170,182
FNA:4,346,wn_Read_Bytes
FNL:5,29,35
FNA:5,99,wn_Writer_Init
FNL:6,37,46
FNA:6,2619,wn_Write_U8
FNL:7,48,58
FNA:7,1688,wn_Write_U16
FNL:8,60,71
FNA:8,4,wn_Write_U24
FNL:9,73,84
FNA:9,275,wn_Write_Bytes
FNL:10,86,96
FNA:10,278,wn_Write_LenStart
FNL:11,99,113
FNA:11,278,wn_Write_LenEnd
FNF:12
FNH:12
DA:29,99
DA:31,99
DA:32,99
DA:33,99
DA:34,99
DA:35,99
DA:37,2619
DA:39,2619
DA:40,2597
DA:41,2597
DA:42,2597
DA:44,22
DA:46,2619
DA:48,1688
DA:50,1688
DA:51,1650
DA:52,1650
DA:53,1650
DA:54,1650
DA:56,38
DA:58,1688
DA:60,4
DA:62,4
DA:63,2
DA:64,2
DA:65,2
DA:66,2
DA:67,2
DA:69,2
DA:71,4
DA:73,275
DA:75,275
DA:76,267
DA:77,267
DA:78,267
DA:79,267
DA:80,267
DA:82,8
DA:84,275
DA:86,278
DA:91,925
DA:92,647
DA:93,647
DA:94,278
DA:96,278
DA:99,278
DA:105,278
DA:106,270
DA:107,270
DA:108,899
DA:109,629
DA:110,629
DA:111,629
DA:112,270
DA:113,278
DA:115,144
DA:117,144
DA:118,144
DA:119,144
DA:120,144
DA:121,144
DA:123,369
DA:125,369
DA:127,369
DA:128,349
DA:129,349
DA:130,349
DA:132,20
DA:135,369
DA:138,1214
DA:140,1214
DA:142,1214
DA:143,1188
DA:144,1188
DA:145,1188
DA:147,26
DA:150,1214
DA:153,118
DA:155,118
DA:157,118
DA:158,348
DA:159,232
DA:160,116
DA:161,116
DA:162,116
DA:164,2
DA:167,118
DA:170,346
DA:172,346
DA:174,346
DA:175,328
DA:176,328
DA:177,328
DA:179,18
DA:182,346
LF:95
LH:95
end_of_record
TN:
SF:/Users/aidangarske/wolfNanoTLS-101-server/src/wn_record.c
FNL:0,165,232
FNA:0,105,wn_Record_Unprotect
FNL:1,34,50
FNA:1,378,io_recv_exact
FNL:2,53,79
FNA:2,192,wn_RecvRecord
FNL:3,82,90
FNA:3,186,wn_BuildNonce
FNL:4,92,162
FNA:4,89,wn_Record_Protect
FNF:5
FNH:5
DA:34,378
DA:36,378
DA:37,378
DA:40,756
DA:41,378
DA:42,378
DA:43,2
DA:44,2
DA:46,376
DA:50,378
DA:53,192
DA:59,192
DA:60,192
DA:61,190
DA:62,190
DA:64,190
DA:65,186
DA:66,4
DA:67,4
DA:68,190
DA:69,192
DA:70,186
DA:71,186
DA:72,186
DA:74,241
DA:75,51
DA:76,4
DA:77,4
DA:79,192
DA:82,186
DA:86,186
DA:87,1674
DA:88,1488
DA:89,1488
DA:90,186
DA:92,89
DA:98,89
DA:99,89
DA:100,89
DA:101,89
DA:103,176
DA:104,87
DA:105,2
DA:106,2
DA:107,89
DA:108,2
DA:109,2
DA:111,89
DA:112,85
DA:113,85
DA:115,85
DA:117,85
DA:118,85
DA:119,85
DA:120,85
DA:121,85
DA:123,85
DA:124,85
DA:131,85
DA:133,89
DA:134,85
DA:135,85
DA:136,2
DA:137,2
DA:138,85
DA:140,89
DA:141,83
DA:152,83
DA:154,89
DA:155,85
DA:156,85
DA:157,89
DA:158,2
DA:159,2
DA:160,89
DA:162,89
DA:165,105
DA:171,105
DA:173,105
DA:174,105
DA:176,208
DA:177,103
DA:178,2
DA:179,2
DA:181,105
DA:182,103
DA:183,2
DA:184,2
DA:186,105
DA:187,101
DA:188,101
DA:194,101
DA:196,105
DA:197,101
DA:198,101
DA:199,2
DA:200,2
DA:201,101
DA:203,105
DA:204,297
DA:205,99
DA:206,99
DA:207,99
DA:208,198
DA:209,8
DA:210,8
DA:211,99
DA:213,105
DA:214,91
DA:215,101
DA:216,10
DA:218,91
DA:219,2
DA:220,2
DA:222,89
DA:223,89
DA:225,91
DA:227,105
DA:228,101
DA:229,101
DA:230,105
DA:232,105
LF:122
LH:122
end_of_record
TN:
SF:/Users/aidangarske/wolfNanoTLS-101-server/src/wn_servercert.c
FNL:0,151,200
FNA:0,0,wn_SignEd25519
FNL:1,322,374
FNA:1,1,wn_SignCv
FNL:2,377,422
FNA:2,1,wn_ServerCertVerify_Sign
FNL:3,50,81
FNA:3,1,wn_ServerCert_Build
FNL:4,85,95
FNA:4,1,wn_BuildCvTbs
FNL:5,98,146
FNA:5,1,wn_SignEcdsa
FNF:6
FNH:5
DA:50,1
DA:55,1
DA:57,1
DA:58,0
DA:59,0
DA:61,1
DA:62,1
DA:63,1
DA:64,1
DA:65,1
DA:66,1
DA:67,1
DA:68,1
DA:69,1
DA:70,1
DA:71,1
DA:72,1
DA:73,1
DA:75,0
DA:77,1
DA:79,1
DA:81,1
DA:85,1
DA:90,1
DA:91,1
DA:92,1
DA:93,1
DA:94,1
DA:95,1
DA:98,1
DA:109,1
DA:110,1
DA:111,1
DA:118,1
DA:119,2
DA:120,1
DA:121,2
DA:123,0
DA:124,1
DA:126,0
DA:127,1
DA:128,1
DA:129,1
DA:130,1
DA:131,1
DA:133,0
DA:134,1
DA:135,1
DA:136,1
DA:138,0
DA:139,1
DA:140,1
DA:141,1
DA:146,1
DA:151,0
DA:161,0
DA:162,0
DA:163,0
DA:170,0
DA:172,0
DA:173,0
DA:174,0
DA:175,0
DA:176,0
DA:177,0
DA:179,0
DA:183,0
DA:184,0
DA:185,0
DA:187,0
DA:188,0
DA:189,0
DA:190,0
DA:192,0
DA:193,0
DA:194,0
DA:195,0
DA:200,0
DA:322,1
DA:326,1
DA:328,1
DA:331,2
DA:332,1
DA:333,1
DA:336,0
DA:337,0
DA:338,0
DA:343,0
DA:344,0
DA:370,0
DA:371,0
DA:374,1
DA:377,1
DA:383,1
DA:386,1
DA:388,2
DA:389,1
DA:390,0
DA:391,0
DA:393,1
DA:394,1
DA:395,1
DA:396,1
DA:397,1
DA:398,1
DA:399,1
DA:400,1
DA:402,0
DA:403,1
DA:405,1
DA:406,1
DA:407,2
DA:408,1
DA:409,1
DA:410,1
DA:411,1
DA:412,1
DA:413,1
DA:414,1
DA:416,0
DA:418,1
DA:420,1
DA:422,1
LF:123
LH:81
end_of_record
TN:
SF:/Users/aidangarske/wolfNanoTLS-101-server/src/wn_serverhello.c
FNL:0,42,153
FNA:0,90,wn_ServerHello_Parse
FNF:1
FNH:1
DA:42,90
DA:52,90
DA:55,90
DA:56,90
DA:57,90
DA:58,90
DA:59,90
DA:61,90
DA:62,4
DA:63,4
DA:65,90
DA:66,86
DA:67,86
DA:68,86
DA:69,86
DA:70,86
DA:71,86
DA:72,86
DA:73,86
DA:74,86
DA:75,86
DA:77,86
DA:78,86
DA:79,86
DA:80,86
DA:81,86
DA:87,86
DA:88,80
DA:89,78
DA:91,2574
DA:92,2496
DA:93,2496
DA:94,78
DA:95,4
DA:96,4
DA:97,78
DA:99,86
DA:100,82
DA:101,82
DA:102,82
DA:103,82
DA:104,82
DA:106,82
DA:107,82
DA:108,82
DA:109,2
DA:110,2
DA:111,2
DA:112,264
DA:113,182
DA:114,182
DA:115,182
DA:116,182
DA:117,2
DA:118,2
DA:119,180
DA:120,68
DA:121,68
DA:122,68
DA:123,68
DA:124,68
DA:125,68
DA:126,68
DA:127,68
DA:128,112
DA:129,66
DA:130,66
DA:131,66
DA:132,66
DA:133,66
DA:134,46
DA:135,44
DA:136,44
DA:137,44
DA:138,44
DA:139,44
DA:141,2
DA:145,138
DA:146,64
DA:147,60
DA:148,26
DA:149,26
DA:150,82
DA:151,86
DA:153,90
LF:85
LH:85
end_of_record
TN:
SF:/Users/aidangarske/wolfNanoTLS-101-server/src/wn_session.c
FNL:0,121,153
FNA:0,20,wn_Send
FNL:1,156,224
FNA:1,42,wn_Recv
FNL:2,227,253
FNA:2,12,wn_Close
FNL:3,46,74
FNA:3,4,wn_session_send_key_update
FNL:4,79,118
FNA:4,16,wn_session_posths
FNF:5
FNH:5
DA:46,4
DA:50,4
DA:53,4
DA:54,4
DA:55,4
DA:56,4
DA:57,4
DA:59,8
DA:60,4
DA:61,4
DA:62,4
DA:63,4
DA:64,2
DA:65,2
DA:66,4
DA:67,4
DA:68,2
DA:69,2
DA:70,4
DA:71,2
DA:72,2
DA:74,4
DA:79,16
DA:85,16
DA:87,16
DA:88,32
DA:89,16
DA:90,16
DA:91,16
DA:92,4
DA:93,4
DA:94,12
DA:95,10
DA:96,10
DA:97,4
DA:98,4
DA:99,10
DA:100,12
DA:101,6
DA:102,6
DA:103,10
DA:104,6
DA:105,6
DA:106,4
DA:107,4
DA:108,6
DA:109,10
DA:111,2
DA:113,16
DA:114,2
DA:115,2
DA:118,16
DA:121,20
DA:123,20
DA:124,20
DA:125,20
DA:127,20
DA:128,4
DA:129,4
DA:130,20
DA:131,2
DA:132,2
DA:133,20
DA:134,2
DA:135,2
DA:136,20
DA:137,12
DA:138,10
DA:139,4
DA:140,4
DA:141,12
DA:142,20
DA:143,16
DA:144,8
DA:145,8
DA:146,20
DA:147,8
DA:148,8
DA:149,2
DA:150,2
DA:151,8
DA:153,20
DA:156,42
DA:158,42
DA:160,42
DA:163,42
DA:164,42
DA:166,42
DA:167,4
DA:168,4
DA:169,42
DA:170,2
DA:171,2
DA:172,42
DA:173,2
DA:174,2
DA:175,42
DA:176,34
DA:177,34
DA:178,34
DA:180,82
DA:181,40
DA:183,40
DA:184,2
DA:185,2
DA:186,40
DA:187,76
DA:188,38
DA:189,38
DA:190,40
DA:191,36
DA:192,36
DA:193,14
DA:194,2
DA:195,2
DA:197,12
DA:198,12
DA:199,12
DA:201,14
DA:202,22
DA:203,16
DA:204,16
DA:205,6
DA:206,4
DA:207,2
DA:208,2
DA:209,2
DA:211,2
DA:213,4
DA:215,2
DA:217,36
DA:218,40
DA:219,36
DA:220,36
DA:221,36
DA:224,42
DA:227,12
DA:231,12
DA:232,12
DA:234,12
DA:235,2
DA:236,2
DA:238,20
DA:239,10
DA:240,8
DA:241,8
DA:242,16
DA:243,8
DA:244,8
DA:245,8
DA:246,8
DA:247,8
DA:249,12
DA:250,10
DA:251,10
DA:253,12
LF:156
LH:156
end_of_record
TN:
SF:/Users/aidangarske/wolfNanoTLS-101-server/src/wn_transcript.c
FNL:0,121,140
FNA:0,10,wn_Transcript_Free
FNL:1,28,56
FNA:1,68,wn_Transcript_Init
FNL:2,59,86
FNA:2,170,wn_Transcript_Update
FNL:3,89,118
FNA:3,100,wn_Transcript_GetHash
FNF:4
FNH:4
DA:28,68
DA:30,68
DA:32,68
DA:33,2
DA:34,2
DA:36,68
DA:37,66
DA:38,66
DA:39,62
DA:40,62
DA:42,4
DA:43,2
DA:44,2
DA:47,2
DA:54,66
DA:56,68
DA:59,170
DA:61,170
DA:63,170
DA:64,2
DA:65,2
DA:67,170
DA:68,168
DA:69,164
DA:70,164
DA:72,4
DA:73,2
DA:74,2
DA:77,2
DA:84,168
DA:86,170
DA:89,100
DA:91,100
DA:93,100
DA:94,2
DA:95,2
DA:97,100
DA:98,98
DA:99,94
DA:100,94
DA:101,94
DA:103,4
DA:104,2
DA:105,2
DA:106,2
DA:109,2
DA:116,98
DA:118,100
DA:121,10
DA:123,10
DA:125,10
DA:126,2
DA:127,2
DA:129,10
DA:130,8
DA:131,6
DA:132,6
DA:134,2
DA:135,2
DA:136,2
DA:138,8
DA:140,10
LF:62
LH:62
end_of_record
TN:
SF:/Users/aidangarske/wolfNanoTLS-101-server/src/wn_x509.c
FNL:0,1089,1116
FNA:0,16726,wn_HashForSig
FNL:1,1120,1131
FNA:1,5410,wn_CurveId
FNL:2,1134,1186
FNA:2,5410,wn_VerifyEcdsa
FNL:3,114,163
FNA:3,1256728,wn_Asn_GetLength
FNL:4,1193,1241
FNA:4,11318,wn_X509_RsaRawNE
FNL:5,1243,1308
FNA:5,11316,wn_VerifyRsa
FNL:6,1313,1352
FNA:6,2256,wn_VerifyEd25519
FNL:7,1359,1378
FNA:7,19182,wn_SigAlgMatchesKey
FNL:8,1381,1414
FNA:8,19184,wn_X509_VerifySignedBy
FNL:9,1428,1442
FNA:9,32,wn_DaysFromCivil
FNL:10,1445,1450
FNA:10,32,wn_DaysInMonth
FNL:11,1453,1461
FNA:11,222,wn_Dig2
FNL:12,1466,1528
FNA:12,42,wn_CertTimeEpoch
FNL:13,1531,1554
FNA:13,28,wn_X509_TimeValid
FNL:14,169,194
FNA:14,1258428,wn_Asn_GetHeader
FNL:15,200,208
FNA:15,5802,wn_Asn_GetHeaderExact
FNL:16,214,232
FNA:16,40776,wn_Asn_GetBitString
FNL:17,238,240
FNA:17,492718,wn_MemEq
FNL:18,243,245
FNA:18,533340,wn_OidEq
FNL:19,251,272
FNA:19,2,wn_X509_SpkiRawKey
FNL:20,275,278
FNA:20,32982,wn_HasNul
FNL:21,282,300
FNA:21,21472,wn_KeyAlgFromOid
FNL:22,303,316
FNA:22,6216,wn_CurveFromOid
FNL:23,323,359
FNA:23,21532,wn_ParseAlgIdOids
FNL:24,365,389
FNA:24,8,wn_X509_SpkiKeyInfo
FNL:25,391,424
FNA:25,19868,wn_SigAlgFromOid
FNL:26,429,433
FNA:26,19358,wn_SigAlgNoParams
FNL:27,436,440
FNA:27,22802,wn_SigAlgIsRsa
FNL:28,447,474
FNA:28,43616,wn_GetTime
FNL:29,480,531
FNA:29,21644,wn_FindCN
FNL:30,536,585
FNA:30,20552,wn_ExtBasicConstraints
FNL:31,589,620
FNA:31,5802,wn_ExtKeyUsage
FNL:32,624,661
FNA:32,11796,wn_ExtExtKeyUsage
FNL:33,667,716
FNA:33,11892,wn_ExtAltName
FNL:34,724,873
FNA:34,21304,wn_ParseExtensions
FNL:35,876,1085
FNA:35,23700,wn_X509_Parse
FNF:36
FNH:36
DA:114,1256728
DA:117,1256728
DA:118,1256728
DA:119,1256728
DA:123,1256728
DA:125,1256728
DA:126,108
DA:127,108
DA:129,1256728
DA:130,1256620
DA:131,1256620
DA:132,191394
DA:133,191394
DA:134,191072
DA:135,360
DA:136,360
DA:138,508128
DA:139,317094
DA:141,191034
DA:142,42
DA:143,42
DA:145,191394
DA:147,1065226
DA:149,1256620
DA:151,1256728
DA:152,1768
DA:153,1768
DA:155,1256728
DA:156,1254450
DA:157,1254450
DA:158,1241830
DA:159,1241830
DA:160,1254450
DA:161,1254450
DA:163,1256728
DA:169,1258428
DA:172,1258428
DA:173,1258428
DA:174,1258428
DA:176,1258428
DA:177,80
DA:178,80
DA:180,1258428
DA:181,1620
DA:182,1620
DA:184,1258428
DA:185,1256728
DA:186,1256728
DA:188,1258428
DA:189,1254450
DA:190,1254450
DA:191,1254450
DA:192,1254450
DA:194,1258428
DA:200,5802
DA:203,5802
DA:205,5802
DA:206,4
DA:207,4
DA:208,5802
DA:214,40776
DA:218,40776
DA:220,40776
DA:221,40776
DA:222,72
DA:223,72
DA:224,40776
DA:225,40596
DA:226,40596
DA:227,40596
DA:228,40596
DA:229,40596
DA:230,40596
DA:231,40596
DA:232,40776
DA:238,492718
DA:240,492718
DA:243,533340
DA:245,533340
DA:251,2
DA:254,2
DA:255,2
DA:256,2
DA:257,2
DA:259,2
DA:260,2
DA:262,0
DA:263,0
DA:264,0
DA:265,0
DA:266,0
DA:267,0
DA:268,0
DA:269,0
DA:271,0
DA:272,2
DA:275,32982
DA:278,32982
DA:282,21472
DA:284,21472
DA:286,21472
DA:287,6230
DA:288,6230
DA:290,15242
DA:291,12292
DA:292,12292
DA:295,2950
DA:296,2752
DA:297,2752
DA:300,21472
DA:303,6216
DA:305,6216
DA:307,6216
DA:308,6122
DA:309,6122
DA:311,94
DA:312,10
DA:313,10
DA:316,6216
DA:323,21532
DA:327,21532
DA:329,21532
DA:330,21532
DA:331,21472
DA:332,21472
DA:333,21472
DA:334,21532
DA:335,21472
DA:336,6230
DA:337,6230
DA:338,6216
DA:339,6216
DA:340,6216
DA:341,8
DA:342,8
DA:343,6216
DA:344,6230
DA:345,15242
DA:346,12292
DA:347,12292
DA:348,2
DA:349,2
DA:350,12292
DA:352,2950
DA:353,2752
DA:354,2
DA:355,2
DA:356,2752
DA:358,21472
DA:359,21532
DA:365,8
DA:368,8
DA:369,8
DA:370,8
DA:371,8
DA:372,8
DA:374,8
DA:375,2
DA:377,6
DA:378,6
DA:380,6
DA:381,6
DA:382,6
DA:383,6
DA:384,6
DA:385,6
DA:386,6
DA:387,6
DA:388,6
DA:389,8
DA:391,19868
DA:393,19868
DA:395,19868
DA:396,5638
DA:397,5638
DA:399,14230
DA:400,8
DA:401,8
DA:404,14222
DA:405,11618
DA:406,11618
DA:409,2604
DA:410,4
DA:411,4
DA:414,2600
DA:415,2
DA:416,2
DA:419,2598
DA:420,2380
DA:421,2380
DA:424,19868
DA:429,19358
DA:431,33178
DA:432,19358
DA:433,13814
DA:436,22802
DA:438,22820
DA:439,22802
DA:440,10
DA:447,43616
DA:450,43616
DA:451,43616
DA:452,43616
DA:453,43616
DA:455,43616
DA:456,6
DA:457,6
DA:458,43616
DA:459,43610
DA:460,43610
DA:461,82
DA:462,82
DA:463,43610
DA:464,43616
DA:465,43528
DA:466,43528
DA:467,43616
DA:468,43492
DA:469,43492
DA:470,43492
DA:471,43492
DA:472,43492
DA:474,43616
DA:480,21644
DA:484,21644
DA:485,21644
DA:486,21644
DA:487,21644
DA:492,136424
DA:493,115052
DA:494,272
DA:496,114780
DA:497,229066
DA:498,114774
DA:499,228
DA:501,114546
DA:502,343638
DA:503,229092
DA:504,260
DA:506,114286
DA:507,21162
DA:508,21162
DA:509,21162
DA:514,42276
DA:515,44
DA:516,30
DA:517,30
DA:518,42324
DA:519,42324
DA:520,21120
DA:521,21114
DA:522,21022
DA:523,21022
DA:524,21022
DA:525,21162
DA:526,21162
DA:527,114286
DA:529,114780
DA:531,21644
DA:536,20552
DA:539,20552
DA:540,20552
DA:541,20552
DA:542,20552
DA:544,20552
DA:545,20552
DA:546,8576
DA:547,8576
DA:548,20552
DA:549,20552
DA:550,20516
DA:551,20516
DA:552,18
DA:553,18
DA:554,20516
DA:555,20552
DA:556,20454
DA:557,20454
DA:558,6
DA:559,6
DA:560,20454
DA:561,20430
DA:562,20404
DA:563,20404
DA:566,26
DA:568,20430
DA:569,20430
DA:570,20454
DA:572,20552
DA:575,32
DA:576,32
DA:577,14
DA:578,14
DA:579,32
DA:581,20552
DA:582,2
DA:583,2
DA:585,20552
DA:589,5802
DA:592,5802
DA:593,5802
DA:595,5802
DA:596,5802
DA:597,5802
DA:598,5802
DA:600,5802
DA:601,5802
DA:602,4
DA:603,4
DA:604,5802
DA:605,5780
DA:606,6
DA:607,6
DA:608,5802
DA:609,5774
DA:610,5774
DA:611,5774
DA:612,5774
DA:613,16
DA:614,16
DA:615,5774
DA:616,2
DA:617,2
DA:618,5774
DA:620,5802
DA:624,11796
DA:627,11796
DA:628,11796
DA:629,11796
DA:630,11796
DA:632,11796
DA:633,11796
DA:634,14
DA:635,14
DA:636,11796
DA:637,11796
DA:638,11784
DA:639,11784
DA:640,6
DA:641,6
DA:642,11778
DA:643,2
DA:644,2
DA:645,35300
DA:646,23516
DA:647,23516
DA:648,23476
DA:650,11670
DA:651,11670
DA:652,11806
DA:654,12
DA:655,12
DA:656,23476
DA:657,23476
DA:659,11784
DA:661,11796
DA:667,11892
DA:670,11892
DA:671,11892
DA:672,11892
DA:673,11892
DA:676,11892
DA:677,11892
DA:678,10
DA:679,10
DA:680,11892
DA:681,11892
DA:682,11880
DA:683,11880
DA:684,6
DA:685,6
DA:686,11874
DA:687,2
DA:688,2
DA:689,35600
DA:690,23720
DA:691,23720
DA:692,23720
DA:693,23702
DA:698,11870
DA:699,11868
DA:700,26
DA:701,26
DA:702,11844
DA:703,11844
DA:704,11844
DA:705,11844
DA:706,11844
DA:710,11870
DA:711,23702
DA:712,23702
DA:714,11880
DA:716,11892
DA:724,21304
DA:727,21304
DA:728,21304
DA:729,21304
DA:730,21304
DA:731,21304
DA:732,21304
DA:733,21304
DA:734,21304
DA:735,21304
DA:736,21304
DA:743,21306
DA:744,21306
DA:745,21274
DA:747,32
DA:748,32
DA:749,30
DA:750,30
DA:752,2
DA:753,2
DA:754,2
DA:755,2
DA:758,21304
DA:759,6
DA:760,6
DA:761,21304
DA:762,21268
DA:763,21268
DA:764,21234
DA:765,21234
DA:766,36
DA:767,36
DA:768,21234
DA:769,21268
DA:770,21198
DA:771,21198
DA:772,21268
DA:773,21158
DA:774,21158
DA:775,32
DA:776,32
DA:777,21126
DA:778,2
DA:779,2
DA:780,21158
DA:781,112954
DA:782,92474
DA:783,92474
DA:784,92474
DA:785,136
DA:787,92338
DA:788,92338
DA:789,92338
DA:790,240
DA:792,92098
DA:793,92098
DA:794,92098
DA:795,14630
DA:796,14630
DA:797,12
DA:799,14618
DA:800,30
DA:801,30
DA:803,14588
DA:804,24
DA:805,24
DA:807,14564
DA:808,14564
DA:809,14564
DA:810,92032
DA:811,92032
DA:812,256
DA:814,91776
DA:815,90
DA:816,90
DA:818,91686
DA:819,20554
DA:820,2
DA:821,2
DA:823,20552
DA:824,41104
DA:825,20552
DA:827,20554
DA:828,71132
DA:830,5804
DA:831,2
DA:832,2
DA:834,5802
DA:835,11604
DA:836,5802
DA:838,5804
DA:839,65328
DA:841,11798
DA:842,2
DA:843,2
DA:845,11796
DA:846,23592
DA:847,11796
DA:849,11798
DA:850,53530
DA:852,11894
DA:853,2
DA:854,2
DA:856,11892
DA:858,23784
DA:859,11892
DA:865,11894
DA:866,41636
DA:867,92
DA:868,92
DA:869,91686
DA:871,21268
DA:873,21304
DA:876,23700
DA:878,23700
DA:879,23700
DA:880,23700
DA:881,23700
DA:882,23700
DA:883,23700
DA:884,23700
DA:885,23700
DA:886,23700
DA:887,23700
DA:888,23700
DA:889,23700
DA:890,23700
DA:891,23700
DA:892,23700
DA:893,23700
DA:894,23700
DA:895,23700
DA:896,23700
DA:897,23700
DA:898,23700
DA:899,23700
DA:901,23700
DA:902,23690
DA:903,10
DA:904,10
DA:907,23700
DA:908,23690
DA:909,23690
DA:910,23690
DA:911,23690
DA:912,23700
DA:914,22300
DA:915,22300
DA:916,52
DA:917,52
DA:918,22300
DA:921,23700
DA:922,22248
DA:923,22248
DA:924,22248
DA:925,23700
DA:926,22196
DA:927,22196
DA:928,22196
DA:929,22196
DA:930,23700
DA:932,22142
DA:933,22142
DA:934,22136
DA:935,22136
DA:936,22136
DA:937,22142
DA:940,22076
DA:941,22052
DA:942,30
DA:943,30
DA:945,22046
DA:947,22076
DA:948,22142
DA:949,22046
DA:950,22046
DA:951,22142
DA:952,23700
DA:953,22100
DA:954,22100
DA:955,23700
DA:956,6
DA:957,6
DA:958,23700
DA:959,22016
DA:962,22016
DA:963,22016
DA:964,22016
DA:965,23700
DA:966,21966
DA:967,21966
DA:968,21966
DA:970,21966
DA:971,21966
DA:972,23700
DA:973,21898
DA:976,21898
DA:977,21898
DA:978,23700
DA:979,21840
DA:981,43680
DA:982,21840
DA:983,21840
DA:984,43552
DA:985,21776
DA:986,21776
DA:987,21840
DA:988,24
DA:989,24
DA:991,21840
DA:992,23700
DA:993,21692
DA:996,21692
DA:997,21692
DA:998,23700
DA:1000,43288
DA:1001,21644
DA:1003,21644
DA:1006,21644
DA:1007,21644
DA:1008,21644
DA:1009,23700
DA:1010,21580
DA:1011,21580
DA:1012,21580
DA:1015,21580
DA:1016,21580
DA:1017,23700
DA:1018,21526
DA:1019,21526
DA:1020,21526
DA:1021,23700
DA:1022,21422
DA:1023,42844
DA:1024,21422
DA:1025,21422
DA:1026,23700
DA:1027,24
DA:1028,24
DA:1029,23700
DA:1031,42608
DA:1032,21304
DA:1033,21304
DA:1034,23700
DA:1036,19958
DA:1037,19958
DA:1038,19958
DA:1039,19958
DA:1040,23700
DA:1041,19928
DA:1043,39856
DA:1044,19928
DA:1045,19928
DA:1046,23700
DA:1047,19868
DA:1050,19868
DA:1051,19862
DA:1052,510
DA:1053,510
DA:1054,19868
DA:1055,23700
DA:1059,19358
DA:1060,7872
DA:1061,2
DA:1062,2
DA:1063,7872
DA:1064,11486
DA:1065,22958
DA:1066,11480
DA:1067,11478
DA:1068,2
DA:1069,2
DA:1070,11480
DA:1071,19358
DA:1072,23700
DA:1073,19354
DA:1074,19354
DA:1075,19354
DA:1078,23700
DA:1079,14
DA:1080,14
DA:1082,23700
DA:1083,4442
DA:1084,4442
DA:1085,23700
DA:1089,16726
DA:1091,16726
DA:1093,16726
DA:1096,16716
DA:1097,16716
DA:1105,8
DA:1106,8
DA:1110,2
DA:1111,2
DA:1116,16726
DA:1120,5410
DA:1122,5410
DA:1124,5410
DA:1125,5328
DA:1127,4
DA:1129,78
DA:1131,5410
DA:1134,5410
DA:1143,5410
DA:1144,5410
DA:1145,5410
DA:1146,5410
DA:1147,5410
DA:1154,10742
DA:1155,5410
DA:1156,78
DA:1157,78
DA:1158,5410
DA:1159,10664
DA:1160,10664
DA:1162,0
DA:1163,5410
DA:1165,0
DA:1166,5410
DA:1167,5332
DA:1168,5332
DA:1169,5410
DA:1170,10664
DA:1171,10664
DA:1172,646
DA:1173,646
DA:1174,5410
DA:1175,9372
DA:1176,9372
DA:1177,4678
DA:1178,4678
DA:1179,4686
DA:1180,5410
DA:1181,5332
DA:1182,5332
DA:1186,5410
DA:1193,11318
DA:1196,11318
DA:1197,11318
DA:1198,11318
DA:1199,11318
DA:1201,11318
DA:1202,11316
DA:1203,2
DA:1205,11316
DA:1206,22
DA:1207,22
DA:1209,11294
DA:1210,11294
DA:1211,14
DA:1212,14
DA:1214,11316
DA:1215,11280
DA:1216,22
DA:1217,22
DA:1218,11316
DA:1219,4
DA:1220,4
DA:1221,11316
DA:1222,11254
DA:1223,11254
DA:1224,11254
DA:1225,11254
DA:1226,22
DA:1227,22
DA:1228,11254
DA:1229,11316
DA:1230,4
DA:1231,4
DA:1232,11316
DA:1233,11228
DA:1234,11228
DA:1235,11228
DA:1236,11228
DA:1237,4
DA:1238,4
DA:1239,11228
DA:1240,11316
DA:1241,11318
DA:1243,11316
DA:1254,11316
DA:1255,11316
DA:1256,11316
DA:1257,11316
DA:1258,11316
DA:1259,11316
DA:1260,11316
DA:1261,11316
DA:1262,11316
DA:1269,11316
DA:1271,0
DA:1272,11316
DA:1273,11316
DA:1275,11316
DA:1276,11316
DA:1277,22448
DA:1278,22448
DA:1280,0
DA:1281,11316
DA:1283,0
DA:1284,11316
DA:1285,11224
DA:1286,11224
DA:1287,11316
DA:1288,11224
DA:1289,2
DA:1290,2
DA:1293,11316
DA:1294,11222
DA:1295,22444
DA:1296,11222
DA:1297,11222
DA:1298,6086
DA:1299,11214
DA:1300,11214
DA:1301,11222
DA:1302,11316
DA:1303,11224
DA:1304,11224
DA:1308,11316
DA:1313,2256
DA:1321,2256
DA:1322,2256
DA:1329,2256
DA:1331,0
DA:1332,2256
DA:1333,2256
DA:1334,2256
DA:1335,2256
DA:1336,2256
DA:1337,2256
DA:1338,158
DA:1339,158
DA:1340,2256
DA:1341,4196
DA:1342,4196
DA:1343,2094
DA:1344,2094
DA:1345,2098
DA:1346,2256
DA:1347,2256
DA:1348,2256
DA:1352,2256
DA:1359,19182
DA:1361,19182
DA:1363,19182
DA:1365,5412
DA:1366,6
DA:1367,5412
DA:1369,11316
DA:1370,11316
DA:1372,2256
DA:1373,2256
DA:1375,198
DA:1376,198
DA:1378,19182
DA:1381,19184
DA:1383,19184
DA:1385,38366
DA:1386,19182
DA:1387,2
DA:1388,2
DA:1389,19182
DA:1390,200
DA:1391,200
DA:1393,18982
DA:1396,5410
DA:1397,5410
DA:1401,11316
DA:1402,11316
DA:1406,2256
DA:1407,2256
DA:1414,19184
DA:1428,32
DA:1435,32
DA:1436,20
DA:1437,20
DA:1438,32
DA:1439,32
DA:1440,32
DA:1441,32
DA:1442,32
DA:1445,32
DA:1448,34
DA:1450,32
DA:1453,222
DA:1455,222
DA:1457,222
DA:1458,220
DA:1459,220
DA:1460,220
DA:1461,222
DA:1466,42
DA:1468,42
DA:1469,42
DA:1470,42
DA:1473,42
DA:1476,42
DA:1477,40
DA:1478,2
DA:1479,2
DA:1480,42
DA:1481,40
DA:1482,40
DA:1483,40
DA:1484,34
DA:1485,34
DA:1486,34
DA:1487,34
DA:1489,6
DA:1490,4
DA:1491,4
DA:1492,4
DA:1493,4
DA:1494,4
DA:1495,4
DA:1496,4
DA:1499,2
DA:1501,40
DA:1502,42
DA:1503,36
DA:1504,36
DA:1505,42
DA:1506,36
DA:1507,36
DA:1508,42
DA:1509,36
DA:1510,36
DA:1511,42
DA:1512,36
DA:1513,36
DA:1514,42
DA:1515,36
DA:1516,36
DA:1517,42
DA:1518,2
DA:1519,2
DA:1520,74
DA:1521,32
DA:1522,2
DA:1523,2
DA:1524,42
DA:1525,96
DA:1526,64
DA:1527,32
DA:1528,42
DA:1531,28
DA:1533,28
DA:1534,28
DA:1536,28
DA:1537,2
DA:1538,2
DA:1539,28
DA:1543,26
DA:1544,26
DA:1545,16
DA:1546,16
DA:1547,26
DA:1548,28
DA:1549,16
DA:1550,16
DA:1551,6
DA:1552,6
DA:1553,16
DA:1554,28
LF:958
LH:943
end_of_record
